<?xml version="1.0" encoding="UTF-8"?>
<testsuites name="jest tests" tests="2" failures="0" errors="0" time="2.634">
  <testsuite name="Testing BurgerLoader" errors="0" failures="0" skipped="0" timestamp="2021-12-06T09:12:37" time="2.475" tests="2">
    <testcase classname="Testing BurgerLoader loads one burger" name="Testing BurgerLoader loads one burger" time="0.004">
    </testcase>
    <testcase classname="Testing BurgerLoader loads all afspraken for one burger" name="Testing BurgerLoader loads all afspraken for one burger" time="0.001">
    </testcase>
  </testsuite>
</testsuites>